2017-10-18 21:00:30,098 - __main__ - DEBUG - 0
2017-10-18 21:00:55,059 - __main__ - DEBUG - False
2017-10-18 21:01:24,121 - __main__ - DEBUG - True
2017-10-18 21:16:24,761 - __main__ - DEBUG - Function is going to classify: False
2017-10-18 21:16:24,763 - __main__ - INFO - Generating temp filepath for image...
2017-10-18 21:16:24,765 - __main__ - INFO - Done.
2017-10-18 21:16:24,766 - __main__ - INFO - Taking image with camera...
2017-10-18 21:22:01,243 - __main__ - DEBUG - Function is going to classify: False
2017-10-18 21:22:01,244 - __main__ - INFO - Generating temp filepath for image...
2017-10-18 21:22:01,245 - __main__ - INFO - Done.
2017-10-18 21:22:01,246 - __main__ - INFO - Taking image with camera...
2017-10-18 21:23:10,366 - __main__ - DEBUG - Function is going to classify: False
2017-10-18 21:23:10,368 - __main__ - INFO - Generating temp filepath for image...
2017-10-18 21:23:10,370 - __main__ - INFO - Done.
2017-10-18 21:23:10,372 - __main__ - INFO - Taking image with camera...
2017-10-18 21:23:10,679 - __main__ - DEBUG - Zzzz. Camera warm-up.
2017-10-18 21:23:13,604 - __main__ - INFO - Done.
2017-10-18 21:36:25,039 - __main__ - DEBUG - Function is going to classify: False
2017-10-18 21:36:25,040 - __main__ - INFO - Generating temp filepath for image...
2017-10-18 21:36:48,815 - __main__ - DEBUG - Function is going to classify: False
2017-10-18 21:36:48,816 - __main__ - INFO - Generating temp filepath for image...
2017-10-18 21:36:48,819 - __main__ - INFO - Done.
2017-10-18 21:36:48,820 - __main__ - INFO - Taking image with camera...
2017-10-18 21:36:49,086 - __main__ - DEBUG - Zzzz. Camera warm-up.
2017-10-18 21:36:52,069 - __main__ - INFO - Done.
2017-10-18 21:38:11,655 - __main__ - DEBUG - Function is going to classify: False
2017-10-18 21:38:11,656 - __main__ - INFO - Generating temp filepath for image...
2017-10-18 21:38:11,657 - __main__ - INFO - Generating output filepath for storage...
2017-10-18 21:38:11,658 - __main__ - INFO - Done.
2017-10-18 21:38:11,659 - __main__ - INFO - Taking image with camera...
2017-10-18 21:38:11,926 - __main__ - DEBUG - Zzzz. Camera warm-up.
2017-10-18 21:38:37,897 - __main__ - DEBUG - Function is going to classify: False
2017-10-18 21:38:37,898 - __main__ - INFO - Generating temp filepath for image...
2017-10-18 21:38:37,899 - __main__ - INFO - Generating output filepath for storage...
2017-10-18 21:38:37,900 - __main__ - INFO - Done.
2017-10-18 21:38:37,901 - __main__ - INFO - Taking image with camera...
2017-10-18 21:38:38,169 - __main__ - DEBUG - Zzzz. Camera warm-up.
2017-10-18 21:38:41,134 - __main__ - INFO - Done.
2017-10-18 21:39:22,966 - __main__ - DEBUG - Function is going to classify: False
2017-10-18 21:39:22,967 - __main__ - INFO - Generating temp filepath for image...
2017-10-18 21:39:22,969 - __main__ - INFO - Generating output filepath for storage...
2017-10-18 21:39:22,970 - __main__ - INFO - Done.
2017-10-18 21:39:22,970 - __main__ - INFO - Taking image with camera...
2017-10-18 21:39:23,237 - __main__ - DEBUG - Zzzz. Camera warm-up.
2017-10-18 21:39:26,206 - __main__ - INFO - Done.
2017-10-18 21:40:21,992 - __main__ - DEBUG - Function is going to classify: False
2017-10-18 21:40:21,993 - __main__ - INFO - Generating temp filepath for image...
2017-10-18 21:40:22,013 - __main__ - INFO - Generating output filepath for storage...
2017-10-18 21:40:22,014 - __main__ - INFO - Done.
2017-10-18 21:40:22,015 - __main__ - INFO - Taking image with camera...
2017-10-18 21:40:22,323 - __main__ - DEBUG - Zzzz. Camera warm-up.
2017-10-18 21:40:25,291 - __main__ - INFO - Done.
2017-10-18 21:40:25,293 - __main__ - INFO - Archiving captured image...
2017-10-18 21:40:25,294 - __main__ - INFO - Done.
2017-10-18 21:46:51,523 - __main__ - DEBUG - Function is going to classify: False
2017-10-18 21:46:51,524 - __main__ - INFO - Generating temp filepath for image...
2017-10-18 21:46:51,526 - __main__ - INFO - Generating output filepath for storage...
2017-10-18 21:46:51,526 - __main__ - INFO - Done.
2017-10-18 21:46:51,527 - __main__ - INFO - Taking image with camera...
2017-10-18 21:46:51,794 - __main__ - DEBUG - Zzzz. Camera warm-up.
2017-10-18 21:46:54,733 - __main__ - INFO - Done.
2017-10-18 21:46:54,734 - __main__ - INFO - Archiving captured image...
2017-10-18 21:46:54,738 - __main__ - INFO - Done.
2017-10-18 21:48:13,670 - __main__ - DEBUG - Function is going to classify: False
2017-10-18 21:48:13,671 - __main__ - INFO - Generating temp filepath for image...
2017-10-18 21:48:13,672 - __main__ - INFO - Generating output filepath for storage...
2017-10-18 21:48:13,673 - __main__ - INFO - Done.
2017-10-18 21:48:13,674 - __main__ - INFO - Taking image with camera...
2017-10-18 21:48:13,942 - __main__ - DEBUG - Zzzz. Camera warm-up.
2017-10-18 21:48:16,923 - __main__ - INFO - Done.
2017-10-18 21:48:16,924 - __main__ - INFO - Archiving captured image...
2017-10-18 21:48:16,932 - __main__ - INFO - Done.
2017-10-18 21:51:07,882 - __main__ - DEBUG - Function is going to classify: False
2017-10-18 21:51:07,883 - __main__ - INFO - Generating temp filepath for image...
2017-10-18 21:51:07,884 - __main__ - INFO - Generating output filepath for storage...
2017-10-18 21:51:07,885 - __main__ - INFO - Done.
2017-10-18 21:51:07,885 - __main__ - INFO - Taking image with camera...
2017-10-18 21:51:08,153 - __main__ - DEBUG - Zzzz. Camera warm-up.
2017-10-18 21:51:11,115 - __main__ - INFO - Done.
2017-10-18 21:51:11,116 - __main__ - INFO - Archiving captured image...
2017-10-18 21:51:11,124 - __main__ - INFO - Done.
2017-10-18 21:52:09,529 - __main__ - DEBUG - Function is going to classify: False
2017-10-18 21:52:09,529 - __main__ - INFO - Generating temp filepath for image...
2017-10-18 21:52:09,531 - __main__ - INFO - Generating output filepath for storage...
2017-10-18 21:52:09,532 - __main__ - INFO - Done.
2017-10-18 21:52:09,532 - __main__ - INFO - Taking image with camera...
2017-10-18 21:52:09,802 - __main__ - DEBUG - Zzzz. Camera warm-up.
2017-10-18 21:52:12,784 - __main__ - INFO - Done.
2017-10-18 21:52:12,785 - __main__ - INFO - Archiving captured image...
2017-10-18 21:52:12,792 - __main__ - INFO - Done.
2017-10-18 21:55:06,351 - __main__ - DEBUG - Function is going to classify: False
2017-10-18 21:55:06,352 - __main__ - INFO - Generating temp filepath for image...
2017-10-18 21:55:06,426 - __main__ - INFO - Generating output filepath for storage...
2017-10-18 21:55:06,427 - __main__ - INFO - Done.
2017-10-18 21:55:06,428 - __main__ - INFO - Taking image with camera...
2017-10-18 21:55:06,718 - __main__ - DEBUG - Zzzz. Camera warm-up.
2017-10-18 21:55:09,719 - __main__ - INFO - Done.
2017-10-18 21:55:09,721 - __main__ - INFO - Archiving captured image...
2017-10-18 21:55:09,728 - __main__ - INFO - Done.
2017-10-18 21:55:17,527 - __main__ - DEBUG - Function is going to classify: False
2017-10-18 21:55:17,529 - __main__ - INFO - Generating temp filepath for image...
2017-10-18 21:55:17,532 - __main__ - INFO - Generating output filepath for storage...
2017-10-18 21:55:17,533 - __main__ - INFO - Done.
2017-10-18 21:55:17,534 - __main__ - INFO - Taking image with camera...
2017-10-18 21:55:17,842 - __main__ - DEBUG - Zzzz. Camera warm-up.
2017-10-18 21:55:20,801 - __main__ - INFO - Done.
2017-10-18 21:55:21,320 - __main__ - INFO - Archiving captured image...
2017-10-18 21:55:21,327 - __main__ - INFO - Done.
2017-10-18 21:56:24,302 - __main__ - DEBUG - Function is going to classify: False
2017-10-18 21:56:24,302 - __main__ - INFO - Generating temp filepath for image...
2017-10-18 21:56:24,304 - __main__ - INFO - Generating output filepath for storage...
2017-10-18 21:56:24,305 - __main__ - INFO - Done.
2017-10-18 21:56:24,305 - __main__ - INFO - Taking image with camera...
2017-10-18 21:56:24,574 - __main__ - DEBUG - Zzzz. Camera warm-up.
2017-10-18 21:56:27,556 - __main__ - INFO - Done.
2017-10-18 21:56:27,558 - __main__ - INFO - Archiving captured image...
2017-10-18 21:56:27,560 - __main__ - INFO - Done.
2017-10-18 21:58:14,489 - __main__ - DEBUG - Function is going to classify: False
2017-10-18 21:58:14,490 - __main__ - INFO - Generating temp filepath for image...
2017-10-18 21:58:14,492 - __main__ - INFO - Generating output filepath for storage...
2017-10-18 21:58:14,492 - __main__ - INFO - Done.
2017-10-18 21:58:14,493 - __main__ - INFO - Taking image with camera...
2017-10-18 21:58:14,761 - __main__ - DEBUG - Zzzz. Camera warm-up.
2017-10-18 21:58:17,736 - __main__ - INFO - Done.
2017-10-18 21:58:17,738 - __main__ - INFO - Archiving captured image...
2017-10-18 21:58:17,739 - __main__ - INFO - Done.
2017-10-18 21:59:00,529 - __main__ - DEBUG - Function is going to classify: False
2017-10-18 21:59:00,530 - __main__ - INFO - Generating temp filepath for image...
2017-10-18 21:59:00,532 - __main__ - INFO - Generating output filepath for storage...
2017-10-18 21:59:00,532 - __main__ - INFO - Done.
2017-10-18 21:59:00,533 - __main__ - INFO - Taking image with camera...
2017-10-18 21:59:00,817 - __main__ - DEBUG - Zzzz. Camera warm-up.
2017-10-18 21:59:03,781 - __main__ - INFO - Done.
2017-10-18 21:59:03,783 - __main__ - INFO - Archiving captured image...
2017-10-18 21:59:03,789 - __main__ - INFO - Done.
2017-10-18 22:03:27,349 - __main__ - DEBUG - Function is going to classify: True
2017-10-18 22:03:30,299 - __main__ - INFO - Generating temp filepath for image...
2017-10-18 22:03:30,301 - __main__ - INFO - Generating output filepath for storage...
2017-10-18 22:03:30,302 - __main__ - INFO - Done.
2017-10-18 22:03:30,303 - __main__ - INFO - Taking image with camera...
2017-10-18 22:03:30,571 - __main__ - DEBUG - Zzzz. Camera warm-up.
2017-10-18 22:03:33,505 - __main__ - INFO - Done.
2017-10-18 22:05:13,876 - __main__ - DEBUG - Function is going to classify: True
2017-10-18 22:05:17,238 - __main__ - INFO - Generating temp filepath for image...
2017-10-18 22:05:17,240 - __main__ - INFO - Generating output filepath for storage...
2017-10-18 22:05:17,241 - __main__ - INFO - Done.
2017-10-18 22:05:17,242 - __main__ - INFO - Taking image with camera...
2017-10-18 22:05:17,511 - __main__ - DEBUG - Zzzz. Camera warm-up.
2017-10-18 22:05:20,454 - __main__ - INFO - Done.
2017-10-18 22:10:29,684 - __main__ - INFO - Archiving captured image...
2017-10-18 22:10:29,840 - __main__ - INFO - Done.
2017-10-18 22:37:02,520 - __main__ - DEBUG - Function is going to classify: True
2017-10-18 22:37:08,997 - __main__ - INFO - Generating temp filepath for image...
2017-10-18 22:37:08,999 - __main__ - INFO - Generating output filepath for storage...
2017-10-18 22:37:09,000 - __main__ - INFO - Done.
2017-10-18 22:37:09,001 - __main__ - INFO - Taking image with camera...
2017-10-18 22:37:09,274 - __main__ - DEBUG - Zzzz. Camera warm-up.
2017-10-18 22:37:12,256 - __main__ - INFO - Done.
2017-10-18 22:37:12,258 - root - INFO - Generating VGG model... patience please.
2017-10-18 22:43:35,988 - root - INFO - Your patience is rewarded. Done.
2017-10-18 22:43:36,056 - root - INFO - Classifying the image...
2017-10-18 22:44:42,590 - __main__ - DEBUG - Function is going to classify: True
2017-10-18 22:44:49,549 - __main__ - INFO - Generating temp filepath for image...
2017-10-18 22:44:49,557 - __main__ - INFO - Generating output filepath for storage...
2017-10-18 22:44:49,558 - __main__ - INFO - Done.
2017-10-18 22:44:49,558 - __main__ - INFO - Taking image with camera...
2017-10-18 22:44:49,838 - __main__ - DEBUG - Zzzz. Camera warm-up.
2017-10-18 22:44:52,817 - __main__ - INFO - Done.
2017-10-18 22:44:52,819 - root - INFO - Generating VGG model... patience please.
2017-10-18 22:52:27,164 - root - INFO - Your patience is rewarded. Done.
2017-10-18 22:52:27,237 - root - INFO - Classifying the image...
2017-10-18 23:03:53,892 - __main__ - DEBUG - Function is going to classify: True
2017-10-18 23:03:58,867 - __main__ - INFO - Generating temp filepath for image...
2017-10-18 23:03:58,873 - __main__ - INFO - Generating output filepath for storage...
2017-10-18 23:03:58,874 - __main__ - INFO - Done.
2017-10-18 23:03:58,875 - __main__ - INFO - Taking image with camera...
2017-10-18 23:03:59,161 - __main__ - DEBUG - Zzzz. Camera warm-up.
2017-10-18 23:04:02,145 - __main__ - INFO - Done.
2017-10-18 23:04:02,170 - root - INFO - Generating VGG model... patience please.
2017-10-18 23:11:53,379 - root - INFO - Your patience is rewarded. Done.
2017-10-18 23:11:53,450 - root - INFO - Classifying the image...
2017-10-18 23:13:18,735 - __main__ - DEBUG - Function is going to classify: True
2017-10-18 23:13:22,934 - __main__ - INFO - Generating temp filepath for image...
2017-10-18 23:13:22,940 - __main__ - INFO - Generating output filepath for storage...
2017-10-18 23:13:22,941 - __main__ - INFO - Done.
2017-10-18 23:13:22,941 - __main__ - INFO - Taking image with camera...
2017-10-18 23:13:23,216 - __main__ - DEBUG - Zzzz. Camera warm-up.
2017-10-18 23:13:26,200 - __main__ - INFO - Done.
2017-10-18 23:13:26,201 - root - INFO - Generating VGG model... patience please.
2017-10-18 23:22:15,700 - root - INFO - Your patience is rewarded. Done.
2017-10-18 23:22:15,784 - root - INFO - Classifying the image...
2017-10-18 23:23:30,043 - root - INFO - Done. Most likely outcome was #620
2017-10-18 23:23:30,044 - __main__ - INFO - Archiving captured image...
2017-10-18 23:23:30,049 - __main__ - INFO - Done.
2017-10-18 23:34:49,824 - __main__ - DEBUG - Function is going to classify: True
2017-10-18 23:34:55,263 - __main__ - INFO - Generating temp filepath for image...
2017-10-18 23:34:55,269 - __main__ - INFO - Generating output filepath for storage...
2017-10-18 23:34:55,270 - __main__ - INFO - Done.
2017-10-18 23:34:55,271 - __main__ - INFO - Taking image with camera...
2017-10-18 23:34:55,556 - __main__ - DEBUG - Zzzz. Camera warm-up.
2017-10-18 23:34:58,489 - __main__ - INFO - Done.
2017-10-18 23:34:58,491 - root - INFO - Generating VGG model... patience please.
2017-10-18 23:45:21,253 - root - INFO - Your patience is rewarded. Done.
2017-10-18 23:45:21,318 - root - INFO - Classifying the image...
2017-10-18 23:46:38,403 - root - INFO - Done. Most likely outcome was #285
2017-10-18 23:46:38,409 - root - INFO - Classname: ['n02124075', 'Egyptian_cat']
2017-10-18 23:46:38,410 - root - INFO - Archiving prediction results.
2017-10-19 16:18:40,819 - __main__ - DEBUG - Function is going to classify: True
2017-10-19 16:18:46,475 - __main__ - INFO - Generating temp filepath for image...
2017-10-19 16:18:46,477 - __main__ - INFO - Generating output filepath for storage...
2017-10-19 16:18:46,478 - __main__ - INFO - Done.
2017-10-19 16:18:46,479 - __main__ - INFO - Taking image with camera...
2017-10-19 16:18:46,875 - __main__ - DEBUG - Zzzz. Camera warm-up.
2017-10-19 16:18:49,790 - __main__ - INFO - Done.
2017-10-19 16:18:49,792 - root - INFO - Generating VGG model... patience please.
2017-10-19 16:19:49,766 - __main__ - DEBUG - Function is going to classify: True
2017-10-19 16:19:52,737 - __main__ - INFO - Generating temp filepath for image...
2017-10-19 16:19:52,739 - __main__ - INFO - Generating output filepath for storage...
2017-10-19 16:19:52,740 - __main__ - INFO - Done.
2017-10-19 16:19:52,741 - __main__ - INFO - Taking image with camera...
2017-10-19 16:19:53,009 - __main__ - DEBUG - Zzzz. Camera warm-up.
2017-10-19 16:19:55,927 - __main__ - INFO - Done.
2017-10-19 16:19:55,928 - root - INFO - Generating VGG model... patience please.
2017-10-19 16:26:38,198 - root - INFO - Your patience is rewarded. Done.
2017-10-19 16:26:38,282 - root - INFO - Classifying the image...
2017-10-19 16:27:45,917 - root - INFO - Done. Most likely outcome was #217
2017-10-19 16:27:45,923 - root - INFO - Classname: ['n02102040', 'English_springer']
2017-10-19 16:27:45,924 - root - INFO - Archiving prediction results.
2017-10-19 16:27:45,947 - __main__ - INFO - Archiving captured image...
2017-10-19 16:27:45,952 - __main__ - INFO - Done.
2017-10-19 17:04:24,070 - __main__ - DEBUG - Function is going to classify: True
2017-10-19 17:04:30,892 - __main__ - INFO - Generating temp filepath for image...
2017-10-19 17:04:30,896 - __main__ - INFO - Generating output filepath for storage...
2017-10-19 17:04:30,897 - __main__ - INFO - Done.
2017-10-19 17:04:30,898 - __main__ - INFO - Taking image with camera...
2017-10-19 17:04:31,215 - __main__ - DEBUG - Zzzz. Camera warm-up.
2017-10-19 17:04:34,168 - __main__ - INFO - Done.
2017-10-19 17:04:34,170 - root - INFO - Generating VGG model... patience please.
2017-10-19 17:22:12,909 - root - INFO - Your patience is rewarded. Done.
2017-10-19 17:22:13,121 - root - INFO - Classifying the image...
2017-10-19 17:23:49,035 - root - INFO - Done. Most likely outcome was #611
2017-10-19 17:23:49,048 - root - INFO - Classname: ['n03598930', 'jigsaw_puzzle']
2017-10-19 17:23:49,050 - root - INFO - Archiving prediction results.
2017-10-19 17:23:49,160 - __main__ - INFO - Archiving captured image...
2017-10-19 17:23:49,169 - __main__ - INFO - Done.
2017-10-19 18:32:16,827 - __main__ - DEBUG - Function is going to classify: True
2017-10-19 18:32:20,170 - __main__ - INFO - Generating temp filepath for image...
2017-10-19 18:32:20,172 - __main__ - INFO - Generating output filepath for storage...
2017-10-19 18:32:20,179 - __main__ - INFO - Done.
2017-10-19 18:32:20,179 - __main__ - INFO - Taking image with camera...
2017-10-19 18:32:20,562 - __main__ - DEBUG - Zzzz. Camera warm-up.
2017-10-19 18:32:23,327 - __main__ - INFO - Done.
2017-10-19 18:32:23,328 - root - INFO - Generating VGG model... patience please.
2017-10-19 18:37:23,904 - root - INFO - Your patience is rewarded. Done.
2017-10-19 18:37:23,972 - root - INFO - Classifying the image...
2017-10-19 18:38:36,087 - root - INFO - Done. Most likely outcome was #761
2017-10-19 18:38:36,093 - root - INFO - Classname: ['n04074963', 'remote_control']
2017-10-19 18:38:36,094 - root - INFO - Archiving prediction results.
2017-10-19 18:38:36,143 - __main__ - INFO - Archiving captured image...
2017-10-19 18:38:36,147 - __main__ - INFO - Done.
